[1213/213241.257:ERROR:directory_reader_win.cc(43)] FindFirstFile: Системе не удается найти указанный путь. (0x3)
[1221/215305.608:ERROR:directory_reader_win.cc(43)] FindFirstFile: Системе не удается найти указанный путь. (0x3)
[1222/102029.139:ERROR:directory_reader_win.cc(43)] FindFirstFile: Системе не удается найти указанный путь. (0x3)
[1222/215130.548:ERROR:directory_reader_win.cc(43)] FindFirstFile: Системе не удается найти указанный путь. (0x3)
[1226/101409.120:ERROR:directory_reader_win.cc(43)] FindFirstFile: Системе не удается найти указанный путь. (0x3)
[1226/215708.967:ERROR:process_memory_win.cc(73)] ReadMemory at 0x7ff73c820000 of 64 bytes failed: Запрос ReadProcessMemory или WriteProcessMemory был выполнен только частично. (0x12B)
[1226/215708.989:WARNING:pe_image_reader.cc(340)] could not read dos header from C:\Program Files (x86)\Google\Chrome\Application\chrome.exe
[1226/215708.990:ERROR:process_memory_win.cc(73)] ReadMemory at 0x7ffd943b0000 of 64 bytes failed: Запрос ReadProcessMemory или WriteProcessMemory был выполнен только частично. (0x12B)
[1226/215708.990:WARNING:pe_image_reader.cc(340)] could not read dos header from C:\WINDOWS\SYSTEM32\ntdll.dll
[1226/215708.990:ERROR:process_memory_win.cc(73)] ReadMemory at 0x7ffd94190000 of 64 bytes failed: Запрос ReadProcessMemory или WriteProcessMemory был выполнен только частично. (0x12B)
[1226/215708.990:WARNING:pe_image_reader.cc(340)] could not read dos header from C:\WINDOWS\System32\KERNEL32.dll
[1226/215708.990:ERROR:process_memory_win.cc(73)] ReadMemory at 0x7ffd91c00000 of 64 bytes failed: Запрос ReadProcessMemory или WriteProcessMemory был выполнен только частично. (0x12B)
[1226/215708.990:WARNING:pe_image_reader.cc(340)] could not read dos header from C:\WINDOWS\System32\KERNELBASE.dll
[1226/215708.990:ERROR:process_memory_win.cc(73)] ReadMemory at 0x7ffd3bfd0000 of 64 bytes failed: Запрос ReadProcessMemory или WriteProcessMemory был выполнен только частично. (0x12B)
[1226/215708.990:WARNING:pe_image_reader.cc(340)] could not read dos header from C:\Program Files (x86)\Google\Chrome\Application\87.0.4280.88\chrome_elf.dll
[1226/215708.990:ERROR:process_memory_win.cc(73)] ReadMemory at 0x7ffd8a4f0000 of 64 bytes failed: Запрос ReadProcessMemory или WriteProcessMemory был выполнен только частично. (0x12B)
[1226/215708.990:WARNING:pe_image_reader.cc(340)] could not read dos header from C:\WINDOWS\SYSTEM32\VERSION.dll
[1226/215708.990:ERROR:process_memory_win.cc(73)] ReadMemory at 0x7ffd93e30000 of 64 bytes failed: Запрос ReadProcessMemory или WriteProcessMemory был выполнен только частично. (0x12B)
[1226/215708.990:WARNING:pe_image_reader.cc(340)] could not read dos header from C:\WINDOWS\System32\msvcrt.dll
[1226/215708.990:ERROR:process_memory_win.cc(73)] ReadMemory at 0x7ffd92aa0000 of 64 bytes failed: Запрос ReadProcessMemory или WriteProcessMemory был выполнен только частично. (0x12B)
[1226/215708.990:WARNING:pe_image_reader.cc(340)] could not read dos header from C:\WINDOWS\System32\ADVAPI32.dll
[1226/215708.990:ERROR:process_memory_win.cc(73)] ReadMemory at 0x7ffd93b60000 of 64 bytes failed: Запрос ReadProcessMemory или WriteProcessMemory был выполнен только частично. (0x12B)
[1226/215708.990:WARNING:pe_image_reader.cc(340)] could not read dos header from C:\WINDOWS\System32\sechost.dll
[1226/215708.990:ERROR:process_memory_win.cc(73)] ReadMemory at 0x7ffd93ed0000 of 64 bytes failed: Запрос ReadProcessMemory или WriteProcessMemory был выполнен только частично. (0x12B)
[1226/215708.990:WARNING:pe_image_reader.cc(340)] could not read dos header from C:\WINDOWS\System32\RPCRT4.dll
[1226/215708.990:ERROR:process_memory_win.cc(73)] ReadMemory at 0x7ffd26eb0000 of 64 bytes failed: Запрос ReadProcessMemory или WriteProcessMemory был выполнен только частично. (0x12B)
[1226/215708.990:WARNING:pe_image_reader.cc(340)] could not read dos header from C:\Program Files (x86)\Google\Chrome\Application\87.0.4280.88\chrome.dll
[1226/215708.990:ERROR:process_memory_win.cc(73)] ReadMemory at 0x7ffd93300000 of 64 bytes failed: Запрос ReadProcessMemory или WriteProcessMemory был выполнен только частично. (0x12B)
[1226/215709.016:WARNING:pe_image_reader.cc(340)] could not read dos header from C:\WINDOWS\System32\WS2_32.dll
[1226/215709.016:ERROR:process_memory_win.cc(73)] ReadMemory at 0x7ffd92df0000 of 64 bytes failed: Запрос ReadProcessMemory или WriteProcessMemory был выполнен только частично. (0x12B)
[1226/215709.016:WARNING:pe_image_reader.cc(340)] could not read dos header from C:\WINDOWS\System32\OLEAUT32.dll
[1226/215709.016:ERROR:process_memory_win.cc(73)] ReadMemory at 0x7ffd91ed0000 of 64 bytes failed: Запрос ReadProcessMemory или WriteProcessMemory был выполнен только частично. (0x12B)
[1226/215709.016:WARNING:pe_image_reader.cc(340)] could not read dos header from C:\WINDOWS\System32\msvcp_win.dll
[1226/215709.016:ERROR:process_memory_win.cc(73)] ReadMemory at 0x7ffd920a0000 of 64 bytes failed: Запрос ReadProcessMemory или WriteProcessMemory был выполнен только частично. (0x12B)
[1226/215709.016:WARNING:pe_image_reader.cc(340)] could not read dos header from C:\WINDOWS\System32\ucrtbase.dll
[1226/215709.016:ERROR:process_memory_win.cc(73)] ReadMemory at 0x7ffd92ef0000 of 64 bytes failed: Запрос ReadProcessMemory или WriteProcessMemory был выполнен только частично. (0x12B)
[1226/215709.016:WARNING:pe_image_reader.cc(340)] could not read dos header from C:\WINDOWS\System32\combase.dll
[1226/215709.016:ERROR:process_memory_win.cc(73)] ReadMemory at 0x7ffd91ff0000 of 64 bytes failed: Запрос ReadProcessMemory или WriteProcessMemory был выполнен только частично. (0x12B)
[1226/215709.016:WARNING:pe_image_reader.cc(340)] could not read dos header from C:\WINDOWS\System32\WINTRUST.dll
[1226/215709.017:ERROR:process_memory_win.cc(73)] ReadMemory at 0x7ffd922b0000 of 64 bytes failed: Запрос ReadProcessMemory или WriteProcessMemory был выполнен только частично. (0x12B)
[1226/215709.017:WARNING:pe_image_reader.cc(340)] could not read dos header from C:\WINDOWS\System32\CRYPT32.dll
[1226/215709.017:ERROR:process_memory_win.cc(73)] ReadMemory at 0x7ffd8a060000 of 64 bytes failed: Запрос ReadProcessMemory или WriteProcessMemory был выполнен только частично. (0x12B)
[1226/215709.017:WARNING:pe_image_reader.cc(340)] could not read dos header from C:\WINDOWS\SYSTEM32\dbghelp.dll
[1226/215709.017:ERROR:process_memory_win.cc(73)] ReadMemory at 0x7ffd90f00000 of 64 bytes failed: Запрос ReadProcessMemory или WriteProcessMemory был выполнен только частично. (0x12B)
[1226/215709.017:WARNING:pe_image_reader.cc(340)] could not read dos header from C:\WINDOWS\SYSTEM32\IPHLPAPI.DLL
[1226/215709.017:ERROR:process_memory_win.cc(73)] ReadMemory at 0x7ffd87740000 of 64 bytes failed: Запрос ReadProcessMemory или WriteProcessMemory был выполнен только частично. (0x12B)
[1226/215709.017:WARNING:pe_image_reader.cc(340)] could not read dos header from C:\WINDOWS\SYSTEM32\WINMM.dll
[1226/215709.017:ERROR:process_memory_win.cc(73)] ReadMemory at 0x7ffd638b0000 of 64 bytes failed: Запрос ReadProcessMemory или WriteProcessMemory был выполнен только частично. (0x12B)
[1226/215709.017:WARNING:pe_image_reader.cc(340)] could not read dos header from C:\WINDOWS\SYSTEM32\UIAutomationCore.DLL
[1226/215709.017:ERROR:process_memory_win.cc(73)] ReadMemory at 0x7ffd85f40000 of 64 bytes failed: Запрос ReadProcessMemory или WriteProcessMemory был выполнен только частично. (0x12B)
[1226/215709.017:WARNING:pe_image_reader.cc(340)] could not read dos header from C:\WINDOWS\SYSTEM32\Secur32.dll
[1226/215709.017:ERROR:process_memory_win.cc(73)] ReadMemory at 0x7ffd919e0000 of 64 bytes failed: Запрос ReadProcessMemory или WriteProcessMemory был выполнен только частично. (0x12B)
[1226/215709.017:WARNING:pe_image_reader.cc(340)] could not read dos header from C:\WINDOWS\SYSTEM32\USERENV.dll
[1226/215709.017:ERROR:process_memory_win.cc(73)] ReadMemory at 0x7ffd79f70000 of 64 bytes failed: Запрос ReadProcessMemory или WriteProcessMemory был выполнен только частично. (0x12B)
[1226/215709.018:WARNING:pe_image_reader.cc(340)] could not read dos header from C:\WINDOWS\SYSTEM32\DWrite.dll
[1226/215709.018:ERROR:process_memory_win.cc(73)] ReadMemory at 0x7ffd81d20000 of 64 bytes failed: Запрос ReadProcessMemory или WriteProcessMemory был выполнен только частично. (0x12B)
[1226/215709.018:WARNING:pe_image_reader.cc(340)] could not read dos header from C:\WINDOWS\SYSTEM32\WINSPOOL.DRV
[1226/215709.018:ERROR:process_memory_win.cc(73)] ReadMemory at 0x7ffd8aa30000 of 64 bytes failed: Запрос ReadProcessMemory или WriteProcessMemory был выполнен только частично. (0x12B)
[1226/215709.018:WARNING:pe_image_reader.cc(340)] could not read dos header from C:\WINDOWS\SYSTEM32\WINHTTP.dll
[1226/215709.018:ERROR:process_memory_win.cc(73)] ReadMemory at 0x7ffd8b730000 of 64 bytes failed: Запрос ReadProcessMemory или WriteProcessMemory был выполнен только частично. (0x12B)
[1226/215709.018:WARNING:pe_image_reader.cc(340)] could not read dos header from C:\WINDOWS\SYSTEM32\dhcpcsvc.DLL
[1226/215709.018:ERROR:process_memory_win.cc(73)] ReadMemory at 0x7ffd8dc30000 of 64 bytes failed: Запрос ReadProcessMemory или WriteProcessMemory был выполнен только частично. (0x12B)
[1226/215709.018:WARNING:pe_image_reader.cc(340)] could not read dos header from C:\WINDOWS\SYSTEM32\PROPSYS.dll
[1226/215709.018:ERROR:process_memory_win.cc(73)] ReadMemory at 0x7ffd919a0000 of 64 bytes failed: Запрос ReadProcessMemory или WriteProcessMemory был выполнен только частично. (0x12B)
[1226/215709.018:WARNING:pe_image_reader.cc(340)] could not read dos header from C:\WINDOWS\SYSTEM32\SSPICLI.DLL
[1226/215709.018:ERROR:process_memory_win.cc(73)] ReadMemory at 0x7ffd91690000 of 64 bytes failed: Запрос ReadProcessMemory или WriteProcessMemory был выполнен только частично. (0x12B)
[1226/215709.018:WARNING:pe_image_reader.cc(340)] could not read dos header from C:\WINDOWS\System32\MSASN1.dll
[1226/215709.018:ERROR:process_memory_win.cc(73)] ReadMemory at 0x7ffd91f70000 of 64 bytes failed: Запрос ReadProcessMemory или WriteProcessMemory был выполнен только частично. (0x12B)
[1226/215709.019:WARNING:pe_image_reader.cc(340)] could not read dos header from C:\WINDOWS\System32\bcryptPrimitives.dll
[1226/215709.019:ERROR:process_memory_win.cc(73)] ReadMemory at 0x7ffd92470000 of 64 bytes failed: Запрос ReadProcessMemory или WriteProcessMemory был выполнен только частично. (0x12B)
[1226/215709.019:WARNING:pe_image_reader.cc(340)] could not read dos header from C:\WINDOWS\System32\ole32.dll
[1226/215709.019:ERROR:process_memory_win.cc(73)] ReadMemory at 0x7ffd93370000 of 64 bytes failed: Запрос ReadProcessMemory или WriteProcessMemory был выполнен только частично. (0x12B)
[1226/215709.019:WARNING:pe_image_reader.cc(340)] could not read dos header from C:\WINDOWS\System32\GDI32.dll
[1226/215709.019:ERROR:process_memory_win.cc(73)] ReadMemory at 0x7ffd91af0000 of 64 bytes failed: Запрос ReadProcessMemory или WriteProcessMemory был выполнен только частично. (0x12B)
[1226/215709.019:WARNING:pe_image_reader.cc(340)] could not read dos header from C:\WINDOWS\System32\win32u.dll
[1226/215709.019:ERROR:process_memory_win.cc(73)] ReadMemory at 0x7ffd921a0000 of 64 bytes failed: Запрос ReadProcessMemory или WriteProcessMemory был выполнен только частично. (0x12B)
[1226/215709.019:WARNING:pe_image_reader.cc(340)] could not read dos header from C:\WINDOWS\System32\gdi32full.dll
[1226/215709.019:ERROR:process_memory_win.cc(73)] ReadMemory at 0x7ffd93c90000 of 64 bytes failed: Запрос ReadProcessMemory или WriteProcessMemory был выполнен только частично. (0x12B)
[1226/215709.019:WARNING:pe_image_reader.cc(340)] could not read dos header from C:\WINDOWS\System32\USER32.dll
[1226/215709.020:ERROR:process_memory_win.cc(73)] ReadMemory at 0x7ffd92ec0000 of 64 bytes failed: Запрос ReadProcessMemory или WriteProcessMemory был выполнен только частично. (0x12B)
[1226/215709.020:WARNING:pe_image_reader.cc(340)] could not read dos header from C:\WINDOWS\System32\IMM32.DLL
[1226/215709.020:ERROR:process_memory_win.cc(73)] ReadMemory at 0x7ffd91400000 of 64 bytes failed: Запрос ReadProcessMemory или WriteProcessMemory был выполнен только частично. (0x12B)
[1226/215709.020:WARNING:pe_image_reader.cc(340)] could not read dos header from C:\WINDOWS\SYSTEM32\CRYPTBASE.DLL
[1226/215709.024:ERROR:process_memory_win.cc(73)] ReadMemory at 0x7ff73c820000 of 64 bytes failed: Запрос ReadProcessMemory или WriteProcessMemory был выполнен только частично. (0x12B)
[1226/215709.024:WARNING:pe_image_reader.cc(340)] could not read dos header from C:\Program Files (x86)\Google\Chrome\Application\chrome.exe
[1226/215709.024:ERROR:process_memory_win.cc(73)] ReadMemory at 0x7ffd943b0000 of 64 bytes failed: Запрос ReadProcessMemory или WriteProcessMemory был выполнен только частично. (0x12B)
[1226/215709.024:WARNING:pe_image_reader.cc(340)] could not read dos header from C:\WINDOWS\SYSTEM32\ntdll.dll
[1226/215709.024:ERROR:process_memory_win.cc(73)] ReadMemory at 0x7ffd94190000 of 64 bytes failed: Запрос ReadProcessMemory или WriteProcessMemory был выполнен только частично. (0x12B)
[1226/215709.024:WARNING:pe_image_reader.cc(340)] could not read dos header from C:\WINDOWS\System32\KERNEL32.dll
[1226/215709.024:ERROR:process_memory_win.cc(73)] ReadMemory at 0x7ffd91c00000 of 64 bytes failed: Запрос ReadProcessMemory или WriteProcessMemory был выполнен только частично. (0x12B)
[1226/215709.024:WARNING:pe_image_reader.cc(340)] could not read dos header from C:\WINDOWS\System32\KERNELBASE.dll
[1226/215709.024:ERROR:process_memory_win.cc(73)] ReadMemory at 0x7ffd3bfd0000 of 64 bytes failed: Запрос ReadProcessMemory или WriteProcessMemory был выполнен только частично. (0x12B)
[1226/215709.024:WARNING:pe_image_reader.cc(340)] could not read dos header from C:\Program Files (x86)\Google\Chrome\Application\87.0.4280.88\chrome_elf.dll
[1226/215709.024:ERROR:process_memory_win.cc(73)] ReadMemory at 0x7ffd8a4f0000 of 64 bytes failed: Запрос ReadProcessMemory или WriteProcessMemory был выполнен только частично. (0x12B)
[1226/215709.024:WARNING:pe_image_reader.cc(340)] could not read dos header from C:\WINDOWS\SYSTEM32\VERSION.dll
[1226/215709.025:ERROR:process_memory_win.cc(73)] ReadMemory at 0x7ffd93e30000 of 64 bytes failed: Запрос ReadProcessMemory или WriteProcessMemory был выполнен только частично. (0x12B)
[1226/215709.025:WARNING:pe_image_reader.cc(340)] could not read dos header from C:\WINDOWS\System32\msvcrt.dll
[1226/215709.025:ERROR:process_memory_win.cc(73)] ReadMemory at 0x7ffd92aa0000 of 64 bytes failed: Запрос ReadProcessMemory или WriteProcessMemory был выполнен только частично. (0x12B)
[1226/215709.025:WARNING:pe_image_reader.cc(340)] could not read dos header from C:\WINDOWS\System32\ADVAPI32.dll
[1226/215709.025:ERROR:process_memory_win.cc(73)] ReadMemory at 0x7ffd93b60000 of 64 bytes failed: Запрос ReadProcessMemory или WriteProcessMemory был выполнен только частично. (0x12B)
[1226/215709.025:WARNING:pe_image_reader.cc(340)] could not read dos header from C:\WINDOWS\System32\sechost.dll
[1226/215709.025:ERROR:process_memory_win.cc(73)] ReadMemory at 0x7ffd93ed0000 of 64 bytes failed: Запрос ReadProcessMemory или WriteProcessMemory был выполнен только частично. (0x12B)
[1226/215709.025:WARNING:pe_image_reader.cc(340)] could not read dos header from C:\WINDOWS\System32\RPCRT4.dll
[1226/215709.025:ERROR:process_memory_win.cc(73)] ReadMemory at 0x7ffd26eb0000 of 64 bytes failed: Запрос ReadProcessMemory или WriteProcessMemory был выполнен только частично. (0x12B)
[1226/215709.025:WARNING:pe_image_reader.cc(340)] could not read dos header from C:\Program Files (x86)\Google\Chrome\Application\87.0.4280.88\chrome.dll
[1226/215709.025:ERROR:process_memory_win.cc(73)] ReadMemory at 0x7ffd93300000 of 64 bytes failed: Запрос ReadProcessMemory или WriteProcessMemory был выполнен только частично. (0x12B)
[1226/215709.025:WARNING:pe_image_reader.cc(340)] could not read dos header from C:\WINDOWS\System32\WS2_32.dll
[1226/215709.025:ERROR:process_memory_win.cc(73)] ReadMemory at 0x7ffd92df0000 of 64 bytes failed: Запрос ReadProcessMemory или WriteProcessMemory был выполнен только частично. (0x12B)
[1226/215709.025:WARNING:pe_image_reader.cc(340)] could not read dos header from C:\WINDOWS\System32\OLEAUT32.dll
[1226/215709.025:ERROR:process_memory_win.cc(73)] ReadMemory at 0x7ffd91ed0000 of 64 bytes failed: Запрос ReadProcessMemory или WriteProcessMemory был выполнен только частично. (0x12B)
[1226/215709.071:WARNING:pe_image_reader.cc(340)] could not read dos header from C:\WINDOWS\System32\msvcp_win.dll
[1226/215709.071:ERROR:process_memory_win.cc(73)] ReadMemory at 0x7ffd920a0000 of 64 bytes failed: Запрос ReadProcessMemory или WriteProcessMemory был выполнен только частично. (0x12B)
[1226/215709.071:WARNING:pe_image_reader.cc(340)] could not read dos header from C:\WINDOWS\System32\ucrtbase.dll
[1226/215709.072:ERROR:process_memory_win.cc(73)] ReadMemory at 0x7ffd92ef0000 of 64 bytes failed: Запрос ReadProcessMemory или WriteProcessMemory был выполнен только частично. (0x12B)
[1226/215709.072:WARNING:pe_image_reader.cc(340)] could not read dos header from C:\WINDOWS\System32\combase.dll
[1226/215709.072:ERROR:process_memory_win.cc(73)] ReadMemory at 0x7ffd91ff0000 of 64 bytes failed: Запрос ReadProcessMemory или WriteProcessMemory был выполнен только частично. (0x12B)
[1226/215709.072:WARNING:pe_image_reader.cc(340)] could not read dos header from C:\WINDOWS\System32\WINTRUST.dll
[1226/215709.072:ERROR:process_memory_win.cc(73)] ReadMemory at 0x7ffd922b0000 of 64 bytes failed: Запрос ReadProcessMemory или WriteProcessMemory был выполнен только частично. (0x12B)
[1226/215709.072:WARNING:pe_image_reader.cc(340)] could not read dos header from C:\WINDOWS\System32\CRYPT32.dll
[1226/215709.072:ERROR:process_memory_win.cc(73)] ReadMemory at 0x7ffd8a060000 of 64 bytes failed: Запрос ReadProcessMemory или WriteProcessMemory был выполнен только частично. (0x12B)
[1226/215709.072:WARNING:pe_image_reader.cc(340)] could not read dos header from C:\WINDOWS\SYSTEM32\dbghelp.dll
[1226/215709.072:ERROR:process_memory_win.cc(73)] ReadMemory at 0x7ffd90f00000 of 64 bytes failed: Запрос ReadProcessMemory или WriteProcessMemory был выполнен только частично. (0x12B)
[1226/215709.072:WARNING:pe_image_reader.cc(340)] could not read dos header from C:\WINDOWS\SYSTEM32\IPHLPAPI.DLL
[1226/215709.072:ERROR:process_memory_win.cc(73)] ReadMemory at 0x7ffd87740000 of 64 bytes failed: Запрос ReadProcessMemory или WriteProcessMemory был выполнен только частично. (0x12B)
[1226/215709.072:WARNING:pe_image_reader.cc(340)] could not read dos header from C:\WINDOWS\SYSTEM32\WINMM.dll
[1226/215709.072:ERROR:process_memory_win.cc(73)] ReadMemory at 0x7ffd638b0000 of 64 bytes failed: Запрос ReadProcessMemory или WriteProcessMemory был выполнен только частично. (0x12B)
[1226/215709.073:WARNING:pe_image_reader.cc(340)] could not read dos header from C:\WINDOWS\SYSTEM32\UIAutomationCore.DLL
[1226/215709.073:ERROR:process_memory_win.cc(73)] ReadMemory at 0x7ffd85f40000 of 64 bytes failed: Запрос ReadProcessMemory или WriteProcessMemory был выполнен только частично. (0x12B)
[1226/215709.073:WARNING:pe_image_reader.cc(340)] could not read dos header from C:\WINDOWS\SYSTEM32\Secur32.dll
[1226/215709.073:ERROR:process_memory_win.cc(73)] ReadMemory at 0x7ffd919e0000 of 64 bytes failed: Запрос ReadProcessMemory или WriteProcessMemory был выполнен только частично. (0x12B)
[1226/215709.073:WARNING:pe_image_reader.cc(340)] could not read dos header from C:\WINDOWS\SYSTEM32\USERENV.dll
[1226/215709.073:ERROR:process_memory_win.cc(73)] ReadMemory at 0x7ffd79f70000 of 64 bytes failed: Запрос ReadProcessMemory или WriteProcessMemory был выполнен только частично. (0x12B)
[1226/215709.073:WARNING:pe_image_reader.cc(340)] could not read dos header from C:\WINDOWS\SYSTEM32\DWrite.dll
[1226/215709.073:ERROR:process_memory_win.cc(73)] ReadMemory at 0x7ffd81d20000 of 64 bytes failed: Запрос ReadProcessMemory или WriteProcessMemory был выполнен только частично. (0x12B)
[1226/215709.073:WARNING:pe_image_reader.cc(340)] could not read dos header from C:\WINDOWS\SYSTEM32\WINSPOOL.DRV
[1226/215709.073:ERROR:process_memory_win.cc(73)] ReadMemory at 0x7ffd8aa30000 of 64 bytes failed: Запрос ReadProcessMemory или WriteProcessMemory был выполнен только частично. (0x12B)
[1226/215709.073:WARNING:pe_image_reader.cc(340)] could not read dos header from C:\WINDOWS\SYSTEM32\WINHTTP.dll
[1226/215709.073:ERROR:process_memory_win.cc(73)] ReadMemory at 0x7ffd8b730000 of 64 bytes failed: Запрос ReadProcessMemory или WriteProcessMemory был выполнен только частично. (0x12B)
[1226/215709.073:WARNING:pe_image_reader.cc(340)] could not read dos header from C:\WINDOWS\SYSTEM32\dhcpcsvc.DLL
[1226/215709.074:ERROR:process_memory_win.cc(73)] ReadMemory at 0x7ffd8dc30000 of 64 bytes failed: Запрос ReadProcessMemory или WriteProcessMemory был выполнен только частично. (0x12B)
[1226/215709.074:WARNING:pe_image_reader.cc(340)] could not read dos header from C:\WINDOWS\SYSTEM32\PROPSYS.dll
[1226/215709.074:ERROR:process_memory_win.cc(73)] ReadMemory at 0x7ffd919a0000 of 64 bytes failed: Запрос ReadProcessMemory или WriteProcessMemory был выполнен только частично. (0x12B)
[1226/215709.074:WARNING:pe_image_reader.cc(340)] could not read dos header from C:\WINDOWS\SYSTEM32\SSPICLI.DLL
[1226/215709.074:ERROR:process_memory_win.cc(73)] ReadMemory at 0x7ffd91690000 of 64 bytes failed: Запрос ReadProcessMemory или WriteProcessMemory был выполнен только частично. (0x12B)
[1226/215709.074:WARNING:pe_image_reader.cc(340)] could not read dos header from C:\WINDOWS\System32\MSASN1.dll
[1226/215709.074:ERROR:process_memory_win.cc(73)] ReadMemory at 0x7ffd91f70000 of 64 bytes failed: Запрос ReadProcessMemory или WriteProcessMemory был выполнен только частично. (0x12B)
[1226/215709.074:WARNING:pe_image_reader.cc(340)] could not read dos header from C:\WINDOWS\System32\bcryptPrimitives.dll
[1226/215709.074:ERROR:process_memory_win.cc(73)] ReadMemory at 0x7ffd92470000 of 64 bytes failed: Запрос ReadProcessMemory или WriteProcessMemory был выполнен только частично. (0x12B)
[1226/215709.074:WARNING:pe_image_reader.cc(340)] could not read dos header from C:\WINDOWS\System32\ole32.dll
[1226/215709.074:ERROR:process_memory_win.cc(73)] ReadMemory at 0x7ffd93370000 of 64 bytes failed: Запрос ReadProcessMemory или WriteProcessMemory был выполнен только частично. (0x12B)
[1226/215709.074:WARNING:pe_image_reader.cc(340)] could not read dos header from C:\WINDOWS\System32\GDI32.dll
[1226/215709.074:ERROR:process_memory_win.cc(73)] ReadMemory at 0x7ffd91af0000 of 64 bytes failed: Запрос ReadProcessMemory или WriteProcessMemory был выполнен только частично. (0x12B)
[1226/215709.074:WARNING:pe_image_reader.cc(340)] could not read dos header from C:\WINDOWS\System32\win32u.dll
[1226/215709.074:ERROR:process_memory_win.cc(73)] ReadMemory at 0x7ffd921a0000 of 64 bytes failed: Запрос ReadProcessMemory или WriteProcessMemory был выполнен только частично. (0x12B)
[1226/215709.075:WARNING:pe_image_reader.cc(340)] could not read dos header from C:\WINDOWS\System32\gdi32full.dll
[1226/215709.075:ERROR:process_memory_win.cc(73)] ReadMemory at 0x7ffd93c90000 of 64 bytes failed: Запрос ReadProcessMemory или WriteProcessMemory был выполнен только частично. (0x12B)
[1226/215709.075:WARNING:pe_image_reader.cc(340)] could not read dos header from C:\WINDOWS\System32\USER32.dll
[1226/215709.075:ERROR:process_memory_win.cc(73)] ReadMemory at 0x7ffd92ec0000 of 64 bytes failed: Запрос ReadProcessMemory или WriteProcessMemory был выполнен только частично. (0x12B)
[1226/215709.075:WARNING:pe_image_reader.cc(340)] could not read dos header from C:\WINDOWS\System32\IMM32.DLL
[1226/215709.075:ERROR:process_memory_win.cc(73)] ReadMemory at 0x7ffd91400000 of 64 bytes failed: Запрос ReadProcessMemory или WriteProcessMemory был выполнен только частично. (0x12B)
[1226/215709.075:WARNING:pe_image_reader.cc(340)] could not read dos header from C:\WINDOWS\SYSTEM32\CRYPTBASE.DLL
[1226/215709.075:ERROR:process_memory_win.cc(73)] ReadMemory at 0x7ff73c820000 of 64 bytes failed: Запрос ReadProcessMemory или WriteProcessMemory был выполнен только частично. (0x12B)
[1226/215709.075:WARNING:pe_image_reader.cc(340)] could not read dos header from C:\Program Files (x86)\Google\Chrome\Application\chrome.exe
[1226/215709.075:ERROR:process_memory_win.cc(73)] ReadMemory at 0x7ffd943b0000 of 64 bytes failed: Запрос ReadProcessMemory или WriteProcessMemory был выполнен только частично. (0x12B)
[1226/215709.076:WARNING:pe_image_reader.cc(340)] could not read dos header from C:\WINDOWS\SYSTEM32\ntdll.dll
[1226/215709.076:ERROR:process_memory_win.cc(73)] ReadMemory at 0x7ffd94190000 of 64 bytes failed: Запрос ReadProcessMemory или WriteProcessMemory был выполнен только частично. (0x12B)
[1226/215709.076:WARNING:pe_image_reader.cc(340)] could not read dos header from C:\WINDOWS\System32\KERNEL32.dll
[1226/215709.076:ERROR:process_memory_win.cc(73)] ReadMemory at 0x7ffd91c00000 of 64 bytes failed: Запрос ReadProcessMemory или WriteProcessMemory был выполнен только частично. (0x12B)
[1226/215709.076:WARNING:pe_image_reader.cc(340)] could not read dos header from C:\WINDOWS\System32\KERNELBASE.dll
[1226/215709.076:ERROR:process_memory_win.cc(73)] ReadMemory at 0x7ffd3bfd0000 of 64 bytes failed: Запрос ReadProcessMemory или WriteProcessMemory был выполнен только частично. (0x12B)
[1226/215709.076:WARNING:pe_image_reader.cc(340)] could not read dos header from C:\Program Files (x86)\Google\Chrome\Application\87.0.4280.88\chrome_elf.dll
[1226/215709.076:ERROR:process_memory_win.cc(73)] ReadMemory at 0x7ffd8a4f0000 of 64 bytes failed: Запрос ReadProcessMemory или WriteProcessMemory был выполнен только частично. (0x12B)
[1226/215709.081:WARNING:pe_image_reader.cc(340)] could not read dos header from C:\WINDOWS\SYSTEM32\VERSION.dll
[1226/215709.081:ERROR:process_memory_win.cc(73)] ReadMemory at 0x7ffd93e30000 of 64 bytes failed: Запрос ReadProcessMemory или WriteProcessMemory был выполнен только частично. (0x12B)
[1226/215709.081:WARNING:pe_image_reader.cc(340)] could not read dos header from C:\WINDOWS\System32\msvcrt.dll
[1226/215709.082:ERROR:process_memory_win.cc(73)] ReadMemory at 0x7ffd92aa0000 of 64 bytes failed: Запрос ReadProcessMemory или WriteProcessMemory был выполнен только частично. (0x12B)
[1226/215709.082:WARNING:pe_image_reader.cc(340)] could not read dos header from C:\WINDOWS\System32\ADVAPI32.dll
[1226/215709.082:ERROR:process_memory_win.cc(73)] ReadMemory at 0x7ffd93b60000 of 64 bytes failed: Запрос ReadProcessMemory или WriteProcessMemory был выполнен только частично. (0x12B)
[1226/215709.082:WARNING:pe_image_reader.cc(340)] could not read dos header from C:\WINDOWS\System32\sechost.dll
[1226/215709.082:ERROR:process_memory_win.cc(73)] ReadMemory at 0x7ffd93ed0000 of 64 bytes failed: Запрос ReadProcessMemory или WriteProcessMemory был выполнен только частично. (0x12B)
[1226/215709.082:WARNING:pe_image_reader.cc(340)] could not read dos header from C:\WINDOWS\System32\RPCRT4.dll
[1226/215709.082:ERROR:process_memory_win.cc(73)] ReadMemory at 0x7ffd26eb0000 of 64 bytes failed: Запрос ReadProcessMemory или WriteProcessMemory был выполнен только частично. (0x12B)
[1226/215709.082:WARNING:pe_image_reader.cc(340)] could not read dos header from C:\Program Files (x86)\Google\Chrome\Application\87.0.4280.88\chrome.dll
[1226/215709.082:ERROR:process_memory_win.cc(73)] ReadMemory at 0x7ffd93300000 of 64 bytes failed: Запрос ReadProcessMemory или WriteProcessMemory был выполнен только частично. (0x12B)
[1226/215709.082:WARNING:pe_image_reader.cc(340)] could not read dos header from C:\WINDOWS\System32\WS2_32.dll
[1226/215709.082:ERROR:process_memory_win.cc(73)] ReadMemory at 0x7ffd92df0000 of 64 bytes failed: Запрос ReadProcessMemory или WriteProcessMemory был выполнен только частично. (0x12B)
[1226/215709.082:WARNING:pe_image_reader.cc(340)] could not read dos header from C:\WINDOWS\System32\OLEAUT32.dll
[1226/215709.083:ERROR:process_memory_win.cc(73)] ReadMemory at 0x7ffd91ed0000 of 64 bytes failed: Запрос ReadProcessMemory или WriteProcessMemory был выполнен только частично. (0x12B)
[1226/215709.083:WARNING:pe_image_reader.cc(340)] could not read dos header from C:\WINDOWS\System32\msvcp_win.dll
[1226/215709.083:ERROR:process_memory_win.cc(73)] ReadMemory at 0x7ffd920a0000 of 64 bytes failed: Запрос ReadProcessMemory или WriteProcessMemory был выполнен только частично. (0x12B)
[1226/215709.083:WARNING:pe_image_reader.cc(340)] could not read dos header from C:\WINDOWS\System32\ucrtbase.dll
[1226/215709.083:ERROR:process_memory_win.cc(73)] ReadMemory at 0x7ffd92ef0000 of 64 bytes failed: Запрос ReadProcessMemory или WriteProcessMemory был выполнен только частично. (0x12B)
[1226/215709.083:WARNING:pe_image_reader.cc(340)] could not read dos header from C:\WINDOWS\System32\combase.dll
[1226/215709.084:ERROR:process_memory_win.cc(73)] ReadMemory at 0x7ffd91ff0000 of 64 bytes failed: Запрос ReadProcessMemory или WriteProcessMemory был выполнен только частично. (0x12B)
[1226/215709.084:WARNING:pe_image_reader.cc(340)] could not read dos header from C:\WINDOWS\System32\WINTRUST.dll
[1226/215709.084:ERROR:process_memory_win.cc(73)] ReadMemory at 0x7ffd922b0000 of 64 bytes failed: Запрос ReadProcessMemory или WriteProcessMemory был выполнен только частично. (0x12B)
[1226/215709.084:WARNING:pe_image_reader.cc(340)] could not read dos header from C:\WINDOWS\System32\CRYPT32.dll
[1226/215709.084:ERROR:process_memory_win.cc(73)] ReadMemory at 0x7ffd8a060000 of 64 bytes failed: Запрос ReadProcessMemory или WriteProcessMemory был выполнен только частично. (0x12B)
[1226/215709.084:WARNING:pe_image_reader.cc(340)] could not read dos header from C:\WINDOWS\SYSTEM32\dbghelp.dll
[1226/215709.084:ERROR:process_memory_win.cc(73)] ReadMemory at 0x7ffd90f00000 of 64 bytes failed: Запрос ReadProcessMemory или WriteProcessMemory был выполнен только частично. (0x12B)
[1226/215709.084:WARNING:pe_image_reader.cc(340)] could not read dos header from C:\WINDOWS\SYSTEM32\IPHLPAPI.DLL
[1226/215709.084:ERROR:process_memory_win.cc(73)] ReadMemory at 0x7ffd87740000 of 64 bytes failed: Запрос ReadProcessMemory или WriteProcessMemory был выполнен только частично. (0x12B)
[1226/215709.084:WARNING:pe_image_reader.cc(340)] could not read dos header from C:\WINDOWS\SYSTEM32\WINMM.dll
[1226/215709.084:ERROR:process_memory_win.cc(73)] ReadMemory at 0x7ffd638b0000 of 64 bytes failed: Запрос ReadProcessMemory или WriteProcessMemory был выполнен только частично. (0x12B)
[1226/215709.084:WARNING:pe_image_reader.cc(340)] could not read dos header from C:\WINDOWS\SYSTEM32\UIAutomationCore.DLL
[1226/215709.084:ERROR:process_memory_win.cc(73)] ReadMemory at 0x7ffd85f40000 of 64 bytes failed: Запрос ReadProcessMemory или WriteProcessMemory был выполнен только частично. (0x12B)
[1226/215709.084:WARNING:pe_image_reader.cc(340)] could not read dos header from C:\WINDOWS\SYSTEM32\Secur32.dll
[1226/215709.085:ERROR:process_memory_win.cc(73)] ReadMemory at 0x7ffd919e0000 of 64 bytes failed: Запрос ReadProcessMemory или WriteProcessMemory был выполнен только частично. (0x12B)
[1226/215709.085:WARNING:pe_image_reader.cc(340)] could not read dos header from C:\WINDOWS\SYSTEM32\USERENV.dll
[1226/215709.085:ERROR:process_memory_win.cc(73)] ReadMemory at 0x7ffd79f70000 of 64 bytes failed: Запрос ReadProcessMemory или WriteProcessMemory был выполнен только частично. (0x12B)
[1226/215709.085:WARNING:pe_image_reader.cc(340)] could not read dos header from C:\WINDOWS\SYSTEM32\DWrite.dll
[1226/215709.085:ERROR:process_memory_win.cc(73)] ReadMemory at 0x7ffd81d20000 of 64 bytes failed: Запрос ReadProcessMemory или WriteProcessMemory был выполнен только частично. (0x12B)
[1226/215709.085:WARNING:pe_image_reader.cc(340)] could not read dos header from C:\WINDOWS\SYSTEM32\WINSPOOL.DRV
[1226/215709.085:ERROR:process_memory_win.cc(73)] ReadMemory at 0x7ffd8aa30000 of 64 bytes failed: Запрос ReadProcessMemory или WriteProcessMemory был выполнен только частично. (0x12B)
[1226/215709.085:WARNING:pe_image_reader.cc(340)] could not read dos header from C:\WINDOWS\SYSTEM32\WINHTTP.dll
[1226/215709.085:ERROR:process_memory_win.cc(73)] ReadMemory at 0x7ffd8b730000 of 64 bytes failed: Запрос ReadProcessMemory или WriteProcessMemory был выполнен только частично. (0x12B)
[1226/215709.085:WARNING:pe_image_reader.cc(340)] could not read dos header from C:\WINDOWS\SYSTEM32\dhcpcsvc.DLL
[1226/215709.085:ERROR:process_memory_win.cc(73)] ReadMemory at 0x7ffd8dc30000 of 64 bytes failed: Запрос ReadProcessMemory или WriteProcessMemory был выполнен только частично. (0x12B)
[1226/215709.085:WARNING:pe_image_reader.cc(340)] could not read dos header from C:\WINDOWS\SYSTEM32\PROPSYS.dll
[1226/215709.086:ERROR:process_memory_win.cc(73)] ReadMemory at 0x7ffd919a0000 of 64 bytes failed: Запрос ReadProcessMemory или WriteProcessMemory был выполнен только частично. (0x12B)
[1226/215709.086:WARNING:pe_image_reader.cc(340)] could not read dos header from C:\WINDOWS\SYSTEM32\SSPICLI.DLL
[1226/215709.086:ERROR:process_memory_win.cc(73)] ReadMemory at 0x7ffd91690000 of 64 bytes failed: Запрос ReadProcessMemory или WriteProcessMemory был выполнен только частично. (0x12B)
[1226/215709.086:WARNING:pe_image_reader.cc(340)] could not read dos header from C:\WINDOWS\System32\MSASN1.dll
[1226/215709.086:ERROR:process_memory_win.cc(73)] ReadMemory at 0x7ffd91f70000 of 64 bytes failed: Запрос ReadProcessMemory или WriteProcessMemory был выполнен только частично. (0x12B)
[1226/215709.086:WARNING:pe_image_reader.cc(340)] could not read dos header from C:\WINDOWS\System32\bcryptPrimitives.dll
[1226/215709.086:ERROR:process_memory_win.cc(73)] ReadMemory at 0x7ffd92470000 of 64 bytes failed: Запрос ReadProcessMemory или WriteProcessMemory был выполнен только частично. (0x12B)
[1226/215709.086:WARNING:pe_image_reader.cc(340)] could not read dos header from C:\WINDOWS\System32\ole32.dll
[1226/215709.086:ERROR:process_memory_win.cc(73)] ReadMemory at 0x7ffd93370000 of 64 bytes failed: Запрос ReadProcessMemory или WriteProcessMemory был выполнен только частично. (0x12B)
[1226/215709.086:WARNING:pe_image_reader.cc(340)] could not read dos header from C:\WINDOWS\System32\GDI32.dll
[1226/215709.086:ERROR:process_memory_win.cc(73)] ReadMemory at 0x7ffd91af0000 of 64 bytes failed: Запрос ReadProcessMemory или WriteProcessMemory был выполнен только частично. (0x12B)
[1226/215709.086:WARNING:pe_image_reader.cc(340)] could not read dos header from C:\WINDOWS\System32\win32u.dll
[1226/215709.086:ERROR:process_memory_win.cc(73)] ReadMemory at 0x7ffd921a0000 of 64 bytes failed: Запрос ReadProcessMemory или WriteProcessMemory был выполнен только частично. (0x12B)
[1226/215709.086:WARNING:pe_image_reader.cc(340)] could not read dos header from C:\WINDOWS\System32\gdi32full.dll
[1226/215709.087:ERROR:process_memory_win.cc(73)] ReadMemory at 0x7ffd93c90000 of 64 bytes failed: Запрос ReadProcessMemory или WriteProcessMemory был выполнен только частично. (0x12B)
[1226/215709.087:WARNING:pe_image_reader.cc(340)] could not read dos header from C:\WINDOWS\System32\USER32.dll
[1226/215709.087:ERROR:process_memory_win.cc(73)] ReadMemory at 0x7ffd92ec0000 of 64 bytes failed: Запрос ReadProcessMemory или WriteProcessMemory был выполнен только частично. (0x12B)
[1226/215709.087:WARNING:pe_image_reader.cc(340)] could not read dos header from C:\WINDOWS\System32\IMM32.DLL
[1226/215709.087:ERROR:process_memory_win.cc(73)] ReadMemory at 0x7ffd91400000 of 64 bytes failed: Запрос ReadProcessMemory или WriteProcessMemory был выполнен только частично. (0x12B)
[1226/215709.087:WARNING:pe_image_reader.cc(340)] could not read dos header from C:\WINDOWS\SYSTEM32\CRYPTBASE.DLL
[1226/215709.106:ERROR:process_memory_win.cc(73)] ReadMemory at 0xc763bdf000 of 135168 bytes failed: Запрос ReadProcessMemory или WriteProcessMemory был выполнен только частично. (0x12B)
[1226/215709.106:ERROR:process_memory_win.cc(73)] ReadMemory at 0xc7643fd000 of 12288 bytes failed: Запрос ReadProcessMemory или WriteProcessMemory был выполнен только частично. (0x12B)
[1226/215709.107:ERROR:process_memory_win.cc(73)] ReadMemory at 0xc764bf9000 of 28672 bytes failed: Запрос ReadProcessMemory или WriteProcessMemory был выполнен только частично. (0x12B)
[1226/215709.107:ERROR:process_memory_win.cc(73)] ReadMemory at 0xc7653fe000 of 8192 bytes failed: Запрос ReadProcessMemory или WriteProcessMemory был выполнен только частично. (0x12B)
[1226/215709.107:ERROR:process_memory_win.cc(73)] ReadMemory at 0xc765bfe000 of 8192 bytes failed: Запрос ReadProcessMemory или WriteProcessMemory был выполнен только частично. (0x12B)
[1226/215709.107:ERROR:process_memory_win.cc(73)] ReadMemory at 0xc7663fd000 of 12288 bytes failed: Запрос ReadProcessMemory или WriteProcessMemory был выполнен только частично. (0x12B)
[1226/215709.140:ERROR:process_memory_win.cc(73)] ReadMemory at 0xc766bff000 of 4096 bytes failed: Запрос ReadProcessMemory или WriteProcessMemory был выполнен только частично. (0x12B)
[1226/215709.140:ERROR:process_memory_win.cc(73)] ReadMemory at 0xc7673fe000 of 8192 bytes failed: Запрос ReadProcessMemory или WriteProcessMemory был выполнен только частично. (0x12B)
[1226/215709.140:ERROR:process_memory_win.cc(73)] ReadMemory at 0xc767bfd000 of 12288 bytes failed: Запрос ReadProcessMemory или WriteProcessMemory был выполнен только частично. (0x12B)
[1226/215709.140:ERROR:process_memory_win.cc(73)] ReadMemory at 0xc7683fe000 of 8192 bytes failed: Запрос ReadProcessMemory или WriteProcessMemory был выполнен только частично. (0x12B)
[1226/215709.140:ERROR:process_memory_win.cc(73)] ReadMemory at 0xc768bfe000 of 8192 bytes failed: Запрос ReadProcessMemory или WriteProcessMemory был выполнен только частично. (0x12B)
[1226/215709.141:ERROR:process_memory_win.cc(73)] ReadMemory at 0xc7693fe000 of 8192 bytes failed: Запрос ReadProcessMemory или WriteProcessMemory был выполнен только частично. (0x12B)
[1226/215709.141:ERROR:process_memory_win.cc(73)] ReadMemory at 0xc769bfd000 of 12288 bytes failed: Запрос ReadProcessMemory или WriteProcessMemory был выполнен только частично. (0x12B)
[1226/215709.141:ERROR:process_memory_win.cc(73)] ReadMemory at 0xc76a3fe000 of 8192 bytes failed: Запрос ReadProcessMemory или WriteProcessMemory был выполнен только частично. (0x12B)
[1226/215709.141:ERROR:process_memory_win.cc(73)] ReadMemory at 0xc763239000 of 852 bytes failed: Запрос ReadProcessMemory или WriteProcessMemory был выполнен только частично. (0x12B)
[1226/215709.141:ERROR:process_memory_win.cc(73)] ReadMemory at 0xc76323a000 of 6024 bytes failed: Запрос ReadProcessMemory или WriteProcessMemory был выполнен только частично. (0x12B)
[1226/215709.141:ERROR:process_memory_win.cc(73)] ReadMemory at 0xc76323c000 of 6024 bytes failed: Запрос ReadProcessMemory или WriteProcessMemory был выполнен только частично. (0x12B)
[1226/215709.141:ERROR:process_memory_win.cc(73)] ReadMemory at 0xc76323e000 of 6024 bytes failed: Запрос ReadProcessMemory или WriteProcessMemory был выполнен только частично. (0x12B)
[1226/215709.142:ERROR:process_memory_win.cc(73)] ReadMemory at 0xc763240000 of 6024 bytes failed: Запрос ReadProcessMemory или WriteProcessMemory был выполнен только частично. (0x12B)
[1226/215709.142:ERROR:process_memory_win.cc(73)] ReadMemory at 0xc763242000 of 6024 bytes failed: Запрос ReadProcessMemory или WriteProcessMemory был выполнен только частично. (0x12B)
[1226/215709.142:ERROR:process_memory_win.cc(73)] ReadMemory at 0xc763244000 of 6024 bytes failed: Запрос ReadProcessMemory или WriteProcessMemory был выполнен только частично. (0x12B)
[1226/215709.142:ERROR:process_memory_win.cc(73)] ReadMemory at 0xc763246000 of 6024 bytes failed: Запрос ReadProcessMemory или WriteProcessMemory был выполнен только частично. (0x12B)
[1226/215709.142:ERROR:process_memory_win.cc(73)] ReadMemory at 0xc763248000 of 6024 bytes failed: Запрос ReadProcessMemory или WriteProcessMemory был выполнен только частично. (0x12B)
[1226/215709.143:ERROR:process_memory_win.cc(73)] ReadMemory at 0xc76324a000 of 6024 bytes failed: Запрос ReadProcessMemory или WriteProcessMemory был выполнен только частично. (0x12B)
[1226/215709.143:ERROR:process_memory_win.cc(73)] ReadMemory at 0xc76324c000 of 6024 bytes failed: Запрос ReadProcessMemory или WriteProcessMemory был выполнен только частично. (0x12B)
[1226/215709.143:ERROR:process_memory_win.cc(73)] ReadMemory at 0xc76324e000 of 6024 bytes failed: Запрос ReadProcessMemory или WriteProcessMemory был выполнен только частично. (0x12B)
[1226/215709.143:ERROR:process_memory_win.cc(73)] ReadMemory at 0xc763250000 of 6024 bytes failed: Запрос ReadProcessMemory или WriteProcessMemory был выполнен только частично. (0x12B)
[1226/215709.143:ERROR:process_memory_win.cc(73)] ReadMemory at 0xc763252000 of 6024 bytes failed: Запрос ReadProcessMemory или WriteProcessMemory был выполнен только частично. (0x12B)
[1226/215709.143:ERROR:process_memory_win.cc(73)] ReadMemory at 0xc763254000 of 6024 bytes failed: Запрос ReadProcessMemory или WriteProcessMemory был выполнен только частично. (0x12B)
[1226/215709.143:ERROR:process_memory_win.cc(73)] ReadMemory at 0x26ba4c01000 of 512 bytes failed: Запрос ReadProcessMemory или WriteProcessMemory был выполнен только частично. (0x12B)
[1226/215709.144:ERROR:process_memory_win.cc(73)] ReadMemory at 0x26ba4c80000 of 384 bytes failed: Запрос ReadProcessMemory или WriteProcessMemory был выполнен только частично. (0x12B)
[1226/215709.144:ERROR:process_memory_win.cc(73)] ReadMemory at 0x26ba4c80fe0 of 4366 bytes failed: Запрос ReadProcessMemory или WriteProcessMemory был выполнен только частично. (0x12B)
[1226/215709.144:ERROR:process_memory_win.cc(73)] ReadMemory at 0x26ba4c82100 of 1012 bytes failed: Запрос ReadProcessMemory или WriteProcessMemory был выполнен только частично. (0x12B)
[1226/215709.144:ERROR:process_memory_win.cc(73)] ReadMemory at 0x26ba4c82748 of 118 bytes failed: Запрос ReadProcessMemory или WriteProcessMemory был выполнен только частично. (0x12B)
[1226/215709.144:ERROR:process_memory_win.cc(73)] ReadMemory at 0x26ba4c827c0 of 706 bytes failed: Запрос ReadProcessMemory или WriteProcessMemory был выполнен только частично. (0x12B)
[1226/215709.144:ERROR:process_memory_win.cc(73)] ReadMemory at 0x26ba4c82a84 of 118 bytes failed: Запрос ReadProcessMemory или WriteProcessMemory был выполнен только частично. (0x12B)
[1226/215709.144:ERROR:process_memory_win.cc(73)] ReadMemory at 0x26ba4c82afc of 98 bytes failed: Запрос ReadProcessMemory или WriteProcessMemory был выполнен только частично. (0x12B)
[1226/215709.144:ERROR:process_memory_win.cc(73)] ReadMemory at 0x26ba4c82b70 of 58 bytes failed: Запрос ReadProcessMemory или WriteProcessMemory был выполнен только частично. (0x12B)
[1226/215709.145:ERROR:process_memory_win.cc(73)] ReadMemory at 0x26ba4c82c70 of 132 bytes failed: Запрос ReadProcessMemory или WriteProcessMemory был выполнен только частично. (0x12B)
[1226/215709.145:ERROR:process_memory_win.cc(73)] ReadMemory at 0x26ba4c82e00 of 132 bytes failed: Запрос ReadProcessMemory или WriteProcessMemory был выполнен только частично. (0x12B)
[1226/215709.145:ERROR:process_memory_win.cc(73)] ReadMemory at 0x26ba4c82fc0 of 124 bytes failed: Запрос ReadProcessMemory или WriteProcessMemory был выполнен только частично. (0x12B)
[1226/215709.145:ERROR:process_memory_win.cc(73)] ReadMemory at 0x26ba4c833d0 of 132 bytes failed: Запрос ReadProcessMemory или WriteProcessMemory был выполнен только частично. (0x12B)
[1226/215709.145:ERROR:process_memory_win.cc(73)] ReadMemory at 0x26ba4c83950 of 132 bytes failed: Запрос ReadProcessMemory или WriteProcessMemory был выполнен только частично. (0x12B)
[1226/215709.145:ERROR:process_memory_win.cc(73)] ReadMemory at 0x26ba4c83ae0 of 64 bytes failed: Запрос ReadProcessMemory или WriteProcessMemory был выполнен только частично. (0x12B)
[1226/215709.145:ERROR:process_memory_win.cc(73)] ReadMemory at 0x26ba4c83f60 of 132 bytes failed: Запрос ReadProcessMemory или WriteProcessMemory был выполнен только частично. (0x12B)
[1226/215709.145:ERROR:process_memory_win.cc(73)] ReadMemory at 0x26ba4c840f0 of 68 bytes failed: Запрос ReadProcessMemory или WriteProcessMemory был выполнен только частично. (0x12B)
[1226/215709.145:ERROR:process_memory_win.cc(73)] ReadMemory at 0x26ba4c88ce0 of 132 bytes failed: Запрос ReadProcessMemory или WriteProcessMemory был выполнен только частично. (0x12B)
[1226/215709.146:ERROR:process_memory_win.cc(73)] ReadMemory at 0x26ba4c88e10 of 152 bytes failed: Запрос ReadProcessMemory или WriteProcessMemory был выполнен только частично. (0x12B)
[1226/215709.146:ERROR:process_memory_win.cc(73)] ReadMemory at 0x26ba4c891e0 of 62 bytes failed: Запрос ReadProcessMemory или WriteProcessMemory был выполнен только частично. (0x12B)
[1226/215709.146:ERROR:process_memory_win.cc(73)] ReadMemory at 0x26ba4c8c5f0 of 132 bytes failed: Запрос ReadProcessMemory или WriteProcessMemory был выполнен только частично. (0x12B)
[1226/215709.146:ERROR:process_memory_win.cc(73)] ReadMemory at 0x26ba4c8c780 of 60 bytes failed: Запрос ReadProcessMemory или WriteProcessMemory был выполнен только частично. (0x12B)
[1226/215709.146:ERROR:process_memory_win.cc(73)] ReadMemory at 0x26ba4c8d330 of 64 bytes failed: Запрос ReadProcessMemory или WriteProcessMemory был выполнен только частично. (0x12B)
[1226/215709.147:ERROR:process_memory_win.cc(73)] ReadMemory at 0x26ba4c8d380 of 62 bytes failed: Запрос ReadProcessMemory или WriteProcessMemory был выполнен только частично. (0x12B)
[1226/215709.147:ERROR:process_memory_win.cc(73)] ReadMemory at 0x26ba4c8d3d0 of 60 bytes failed: Запрос ReadProcessMemory или WriteProcessMemory был выполнен только частично. (0x12B)
[1226/215709.148:ERROR:process_memory_win.cc(73)] ReadMemory at 0x26ba4c90fc0 of 80 bytes failed: Запрос ReadProcessMemory или WriteProcessMemory был выполнен только частично. (0x12B)
[1226/215709.148:ERROR:process_memory_win.cc(73)] ReadMemory at 0x26ba4c96260 of 144 bytes failed: Запрос ReadProcessMemory или WriteProcessMemory был выполнен только частично. (0x12B)
[1226/215709.148:ERROR:process_memory_win.cc(73)] ReadMemory at 0x26ba4c96380 of 132 bytes failed: Запрос ReadProcessMemory или WriteProcessMemory был выполнен только частично. (0x12B)
[1226/215709.148:ERROR:process_memory_win.cc(73)] ReadMemory at 0x26ba4c96e40 of 132 bytes failed: Запрос ReadProcessMemory или WriteProcessMemory был выполнен только частично. (0x12B)
[1226/215709.148:ERROR:process_memory_win.cc(73)] ReadMemory at 0x26ba4c96f70 of 132 bytes failed: Запрос ReadProcessMemory или WriteProcessMemory был выполнен только частично. (0x12B)
[1226/215709.149:ERROR:process_memory_win.cc(73)] ReadMemory at 0x26ba4c97ca0 of 132 bytes failed: Запрос ReadProcessMemory или WriteProcessMemory был выполнен только частично. (0x12B)
[1226/215709.149:ERROR:process_memory_win.cc(73)] ReadMemory at 0x26ba4c98050 of 132 bytes failed: Запрос ReadProcessMemory или WriteProcessMemory был выполнен только частично. (0x12B)
[1226/215709.149:ERROR:process_memory_win.cc(73)] ReadMemory at 0x26ba4c98270 of 132 bytes failed: Запрос ReadProcessMemory или WriteProcessMemory был выполнен только частично. (0x12B)
[1226/215709.149:ERROR:process_memory_win.cc(73)] ReadMemory at 0x26ba4c996e0 of 64 bytes failed: Запрос ReadProcessMemory или WriteProcessMemory был выполнен только частично. (0x12B)
[1226/215709.149:ERROR:process_memory_win.cc(73)] ReadMemory at 0x26ba4c99780 of 62 bytes failed: Запрос ReadProcessMemory или WriteProcessMemory был выполнен только частично. (0x12B)
[1226/215709.149:ERROR:process_memory_win.cc(73)] ReadMemory at 0x26ba4c99910 of 62 bytes failed: Запрос ReadProcessMemory или WriteProcessMemory был выполнен только частично. (0x12B)
[1226/215709.150:ERROR:process_memory_win.cc(73)] ReadMemory at 0x26ba4c999b0 of 64 bytes failed: Запрос ReadProcessMemory или WriteProcessMemory был выполнен только частично. (0x12B)
[1226/215709.150:ERROR:process_memory_win.cc(73)] ReadMemory at 0x26ba4c99a00 of 66 bytes failed: Запрос ReadProcessMemory или WriteProcessMemory был выполнен только частично. (0x12B)
[1226/215709.150:ERROR:process_memory_win.cc(73)] ReadMemory at 0x26ba4c99a50 of 60 bytes failed: Запрос ReadProcessMemory или WriteProcessMemory был выполнен только частично. (0x12B)
[1226/215709.150:ERROR:process_memory_win.cc(73)] ReadMemory at 0x26ba4c99aa0 of 58 bytes failed: Запрос ReadProcessMemory или WriteProcessMemory был выполнен только частично. (0x12B)
[1226/215709.150:ERROR:process_memory_win.cc(73)] ReadMemory at 0x26ba4c99af0 of 62 bytes failed: Запрос ReadProcessMemory или WriteProcessMemory был выполнен только частично. (0x12B)
[1226/215709.150:ERROR:process_memory_win.cc(73)] ReadMemory at 0x26ba4c99c30 of 64 bytes failed: Запрос ReadProcessMemory или WriteProcessMemory был выполнен только частично. (0x12B)
[1226/215709.150:ERROR:process_memory_win.cc(73)] ReadMemory at 0x26ba4c99eb0 of 62 bytes failed: Запрос ReadProcessMemory или WriteProcessMemory был выполнен только частично. (0x12B)
[1226/215709.150:ERROR:process_memory_win.cc(73)] ReadMemory at 0x26ba4c9a040 of 62 bytes failed: Запрос ReadProcessMemory или WriteProcessMemory был выполнен только частично. (0x12B)
[1226/215709.151:ERROR:process_memory_win.cc(73)] ReadMemory at 0x26ba4c9a1d0 of 64 bytes failed: Запрос ReadProcessMemory или WriteProcessMemory был выполнен только частично. (0x12B)
[1226/215709.151:ERROR:process_memory_win.cc(73)] ReadMemory at 0x26ba4c9a220 of 64 bytes failed: Запрос ReadProcessMemory или WriteProcessMemory был выполнен только частично. (0x12B)
[1226/215709.151:ERROR:process_memory_win.cc(73)] ReadMemory at 0x26ba4c9a360 of 60 bytes failed: Запрос ReadProcessMemory или WriteProcessMemory был выполнен только частично. (0x12B)
[1226/215709.151:ERROR:process_memory_win.cc(73)] ReadMemory at 0x26ba4c9a3b0 of 62 bytes failed: Запрос ReadProcessMemory или WriteProcessMemory был выполнен только частично. (0x12B)
[1226/215709.151:ERROR:process_memory_win.cc(73)] ReadMemory at 0x26ba4c9a450 of 62 bytes failed: Запрос ReadProcessMemory или WriteProcessMemory был выполнен только частично. (0x12B)
[1226/215709.151:ERROR:process_memory_win.cc(73)] ReadMemory at 0x26ba4c9a540 of 62 bytes failed: Запрос ReadProcessMemory или WriteProcessMemory был выполнен только частично. (0x12B)
[1226/215709.151:ERROR:process_memory_win.cc(73)] ReadMemory at 0x26ba4c9a5e0 of 64 bytes failed: Запрос ReadProcessMemory или WriteProcessMemory был выполнен только частично. (0x12B)
[1226/215709.152:ERROR:process_memory_win.cc(73)] ReadMemory at 0x26ba4c9b150 of 132 bytes failed: Запрос ReadProcessMemory или WriteProcessMemory был выполнен только частично. (0x12B)
[1226/215709.152:ERROR:process_memory_win.cc(73)] ReadMemory at 0x26ba4c9b3c0 of 132 bytes failed: Запрос ReadProcessMemory или WriteProcessMemory был выполнен только частично. (0x12B)
[1226/215709.152:ERROR:process_memory_win.cc(73)] ReadMemory at 0x26ba4c9b4f0 of 132 bytes failed: Запрос ReadProcessMemory или WriteProcessMemory был выполнен только частично. (0x12B)
[1226/215709.152:ERROR:process_memory_win.cc(73)] ReadMemory at 0x26ba4c9b620 of 132 bytes failed: Запрос ReadProcessMemory или WriteProcessMemory был выполнен только частично. (0x12B)
[1226/215709.152:ERROR:process_memory_win.cc(73)] ReadMemory at 0x26ba4c9b750 of 132 bytes failed: Запрос ReadProcessMemory или WriteProcessMemory был выполнен только частично. (0x12B)
[1226/215709.152:ERROR:process_memory_win.cc(73)] ReadMemory at 0x26ba4c9b880 of 132 bytes failed: Запрос ReadProcessMemory или WriteProcessMemory был выполнен только частично. (0x12B)
[1226/215709.152:ERROR:process_memory_win.cc(73)] ReadMemory at 0x26ba4c9b9b0 of 132 bytes failed: Запрос ReadProcessMemory или WriteProcessMemory был выполнен только частично. (0x12B)
[1226/215709.152:ERROR:process_memory_win.cc(73)] ReadMemory at 0x26ba4c9cc70 of 132 bytes failed: Запрос ReadProcessMemory или WriteProcessMemory был выполнен только частично. (0x12B)
[1226/215709.153:ERROR:process_memory_win.cc(73)] ReadMemory at 0x26ba4ca0660 of 80 bytes failed: Запрос ReadProcessMemory или WriteProcessMemory был выполнен только частично. (0x12B)
[1226/215709.153:ERROR:process_memory_win.cc(73)] ReadMemory at 0x26ba4ca2300 of 132 bytes failed: Запрос ReadProcessMemory или WriteProcessMemory был выполнен только частично. (0x12B)
[1226/215709.153:ERROR:process_memory_win.cc(73)] ReadMemory at 0x26ba4ca2430 of 132 bytes failed: Запрос ReadProcessMemory или WriteProcessMemory был выполнен только частично. (0x12B)
[1226/215709.153:ERROR:process_memory_win.cc(73)] ReadMemory at 0x26ba4ca27c0 of 132 bytes failed: Запрос ReadProcessMemory или WriteProcessMemory был выполнен только частично. (0x12B)
[1226/215709.153:ERROR:process_memory_win.cc(73)] ReadMemory at 0x26ba4ca2a20 of 132 bytes failed: Запрос ReadProcessMemory или WriteProcessMemory был выполнен только частично. (0x12B)
[1226/215709.153:ERROR:process_memory_win.cc(73)] ReadMemory at 0x26ba4ca2c80 of 132 bytes failed: Запрос ReadProcessMemory или WriteProcessMemory был выполнен только частично. (0x12B)
[1226/215709.153:ERROR:process_memory_win.cc(73)] ReadMemory at 0x26ba4ca2ee0 of 132 bytes failed: Запрос ReadProcessMemory или WriteProcessMemory был выполнен только частично. (0x12B)
[1226/215709.153:ERROR:process_memory_win.cc(73)] ReadMemory at 0x26ba4ca3010 of 132 bytes failed: Запрос ReadProcessMemory или WriteProcessMemory был выполнен только частично. (0x12B)
[1226/215709.154:ERROR:process_memory_win.cc(73)] ReadMemory at 0x26ba4ca3270 of 132 bytes failed: Запрос ReadProcessMemory или WriteProcessMemory был выполнен только частично. (0x12B)
[1226/215709.154:ERROR:process_memory_win.cc(73)] ReadMemory at 0x26ba4ca33a0 of 132 bytes failed: Запрос ReadProcessMemory или WriteProcessMemory был выполнен только частично. (0x12B)
[1226/215709.154:ERROR:process_memory_win.cc(73)] ReadMemory at 0x26ba4ca34d0 of 132 bytes failed: Запрос ReadProcessMemory или WriteProcessMemory был выполнен только частично. (0x12B)
[1226/215709.154:ERROR:process_memory_win.cc(73)] ReadMemory at 0x26ba4ca3600 of 132 bytes failed: Запрос ReadProcessMemory или WriteProcessMemory был выполнен только частично. (0x12B)
[1226/215709.154:ERROR:process_memory_win.cc(73)] ReadMemory at 0x26ba4ca3730 of 132 bytes failed: Запрос ReadProcessMemory или WriteProcessMemory был выполнен только частично. (0x12B)
[1226/215709.154:ERROR:process_memory_win.cc(73)] ReadMemory at 0x26ba4ca3860 of 132 bytes failed: Запрос ReadProcessMemory или WriteProcessMemory был выполнен только частично. (0x12B)
[1226/215709.154:ERROR:process_memory_win.cc(73)] ReadMemory at 0x26ba4ca3990 of 132 bytes failed: Запрос ReadProcessMemory или WriteProcessMemory был выполнен только частично. (0x12B)
[1226/215709.155:ERROR:process_memory_win.cc(73)] ReadMemory at 0x26ba4ca3ac0 of 132 bytes failed: Запрос ReadProcessMemory или WriteProcessMemory был выполнен только частично. (0x12B)
[1226/215709.155:ERROR:process_memory_win.cc(73)] ReadMemory at 0x26ba4ca3bf0 of 132 bytes failed: Запрос ReadProcessMemory или WriteProcessMemory был выполнен только частично. (0x12B)
[1226/215709.155:ERROR:process_memory_win.cc(73)] ReadMemory at 0x26ba4ca3e50 of 132 bytes failed: Запрос ReadProcessMemory или WriteProcessMemory был выполнен только частично. (0x12B)
[1226/215709.155:ERROR:process_memory_win.cc(73)] ReadMemory at 0x26ba4cb5a20 of 66 bytes failed: Запрос ReadProcessMemory или WriteProcessMemory был выполнен только частично. (0x12B)
[1226/215709.155:ERROR:process_memory_win.cc(73)] ReadMemory at 0x26ba4cb5bb0 of 60 bytes failed: Запрос ReadProcessMemory или WriteProcessMemory был выполнен только частично. (0x12B)
[1226/215709.155:ERROR:process_memory_win.cc(73)] ReadMemory at 0x26ba4cb5ca0 of 58 bytes failed: Запрос ReadProcessMemory или WriteProcessMemory был выполнен только частично. (0x12B)
[1226/215709.155:ERROR:process_memory_win.cc(73)] ReadMemory at 0x26ba4cb6100 of 58 bytes failed: Запрос ReadProcessMemory или WriteProcessMemory был выполнен только частично. (0x12B)
[1226/215709.155:ERROR:process_memory_win.cc(73)] ReadMemory at 0x26ba4cb61a0 of 60 bytes failed: Запрос ReadProcessMemory или WriteProcessMemory был выполнен только частично. (0x12B)
[1226/215709.156:ERROR:process_memory_win.cc(73)] ReadMemory at 0x26ba4cb61f0 of 60 bytes failed: Запрос ReadProcessMemory или WriteProcessMemory был выполнен только частично. (0x12B)
[1226/215709.156:ERROR:process_memory_win.cc(73)] ReadMemory at 0x26ba4cb6240 of 58 bytes failed: Запрос ReadProcessMemory или WriteProcessMemory был выполнен только частично. (0x12B)
[1226/215709.156:ERROR:process_memory_win.cc(73)] ReadMemory at 0x26ba4cfab30 of 512 bytes failed: Запрос ReadProcessMemory или WriteProcessMemory был выполнен только частично. (0x12B)
[1226/215709.156:ERROR:process_memory_win.cc(73)] ReadMemory at 0x26ba4cfe640 of 1024 bytes failed: Запрос ReadProcessMemory или WriteProcessMemory был выполнен только частично. (0x12B)
[1226/215709.156:ERROR:process_memory_win.cc(73)] ReadMemory at 0x26ba4d05530 of 880 bytes failed: Запрос ReadProcessMemory или WriteProcessMemory был выполнен только частично. (0x12B)
[1226/215709.156:ERROR:process_memory_win.cc(73)] ReadMemory at 0x26ba4d1a3f0 of 712 bytes failed: Запрос ReadProcessMemory или WriteProcessMemory был выполнен только частично. (0x12B)
[1226/215709.156:ERROR:process_memory_win.cc(73)] ReadMemory at 0x26ba4d23290 of 512 bytes failed: Запрос ReadProcessMemory или WriteProcessMemory был выполнен только частично. (0x12B)
[1226/215709.156:ERROR:process_memory_win.cc(73)] ReadMemory at 0x26ba4d25bc0 of 512 bytes failed: Запрос ReadProcessMemory или WriteProcessMemory был выполнен только частично. (0x12B)
[1226/215709.156:ERROR:process_memory_win.cc(73)] ReadMemory at 0x26ba4d26f50 of 512 bytes failed: Запрос ReadProcessMemory или WriteProcessMemory был выполнен только частично. (0x12B)
[1226/215709.157:ERROR:process_memory_win.cc(73)] ReadMemory at 0x26ba4d5e1a0 of 512 bytes failed: Запрос ReadProcessMemory или WriteProcessMemory был выполнен только частично. (0x12B)
[1226/215709.157:ERROR:process_memory_win.cc(73)] ReadMemory at 0x26ba4d5fad0 of 896 bytes failed: Запрос ReadProcessMemory или WriteProcessMemory был выполнен только частично. (0x12B)
[1226/215709.157:ERROR:process_memory_win.cc(73)] ReadMemory at 0x26ba69a0000 of 384 bytes failed: Запрос ReadProcessMemory или WriteProcessMemory был выполнен только частично. (0x12B)
[1226/215709.157:ERROR:process_memory_win.cc(73)] ReadMemory at 0x26ba69a6068 of 512 bytes failed: Запрос ReadProcessMemory или WriteProcessMemory был выполнен только частично. (0x12B)
[1226/215709.157:ERROR:process_memory_win.cc(73)] ReadMemory at 0x26ba69c42d0 of 512 bytes failed: Запрос ReadProcessMemory или WriteProcessMemory был выполнен только частично. (0x12B)
[1226/215709.157:ERROR:process_memory_win.cc(73)] ReadMemory at 0x26ba6a5bc30 of 512 bytes failed: Запрос ReadProcessMemory или WriteProcessMemory был выполнен только частично. (0x12B)
[1226/215709.157:ERROR:process_memory_win.cc(73)] ReadMemory at 0x26ba6d6922c of 512 bytes failed: Запрос ReadProcessMemory или WriteProcessMemory был выполнен только частично. (0x12B)
[1226/215709.157:ERROR:process_memory_win.cc(73)] ReadMemory at 0x26ba6d6f9d8 of 512 bytes failed: Запрос ReadProcessMemory или WriteProcessMemory был выполнен только частично. (0x12B)
[1226/215709.158:ERROR:process_memory_win.cc(73)] ReadMemory at 0x26ba6dbc480 of 512 bytes failed: Запрос ReadProcessMemory или WriteProcessMemory был выполнен только частично. (0x12B)
[1226/215709.158:ERROR:process_memory_win.cc(73)] ReadMemory at 0x7ffd2ed0e39b of 512 bytes failed: Запрос ReadProcessMemory или WriteProcessMemory был выполнен только частично. (0x12B)
[1226/215709.158:ERROR:process_memory_win.cc(73)] ReadMemory at 0x7ffd91c2d6d9 of 512 bytes failed: Запрос ReadProcessMemory или WriteProcessMemory был выполнен только частично. (0x12B)
[1226/215709.158:ERROR:process_memory_win.cc(73)] ReadMemory at 0x7ffd91e8e748 of 512 bytes failed: Запрос ReadProcessMemory или WriteProcessMemory был выполнен только частично. (0x12B)
[1226/215709.158:ERROR:process_memory_win.cc(73)] ReadMemory at 0x7ffd941b4a50 of 512 bytes failed: Запрос ReadProcessMemory или WriteProcessMemory был выполнен только частично. (0x12B)
[1226/215709.158:ERROR:process_memory_win.cc(73)] ReadMemory at 0x7ffd9444bfb4 of 672 bytes failed: Запрос ReadProcessMemory или WriteProcessMemory был выполнен только частично. (0x12B)
[1226/215709.158:ERROR:process_memory_win.cc(73)] ReadMemory at 0x7ffd9444c5b4 of 512 bytes failed: Запрос ReadProcessMemory или WriteProcessMemory был выполнен только частично. (0x12B)
[1226/215709.158:ERROR:process_memory_win.cc(73)] ReadMemory at 0x7ffd9444f924 of 608 bytes failed: Запрос ReadProcessMemory или WriteProcessMemory был выполнен только частично. (0x12B)
[1226/215709.158:ERROR:process_memory_win.cc(73)] ReadMemory at 0x7ffd944e0a00 of 18 bytes failed: Запрос ReadProcessMemory или WriteProcessMemory был выполнен только частично. (0x12B)
[1226/215709.158:ERROR:process_memory_win.cc(73)] ReadMemory at 0x7ffd945154f8 of 40 bytes failed: Запрос ReadProcessMemory или WriteProcessMemory был выполнен только частично. (0x12B)
[1226/215709.159:ERROR:process_memory_win.cc(73)] ReadMemory at 0x7ffd94515978 of 48 bytes failed: Запрос ReadProcessMemory или WriteProcessMemory был выполнен только частично. (0x12B)
[1226/215709.159:ERROR:process_memory_win.cc(73)] ReadMemory at 0x7ffd9451b4c0 of 64 bytes failed: Запрос ReadProcessMemory или WriteProcessMemory был выполнен только частично. (0x12B)
[1226/215709.163:ERROR:scoped_process_suspend.cc(40)] NtResumeProcess: Попытка доступа к процессу, выполняющему процедуру завершения. (0xc000010a)
[0104/212329.858:ERROR:directory_reader_win.cc(43)] FindFirstFile: Системе не удается найти указанный путь. (0x3)
